09-06 11:02:30 replicate_layout.action_replicate_layout 313:Plugin executed on: 'win32'
09-06 11:02:30 replicate_layout.action_replicate_layout 314:Plugin executed with python version: '2.7.15 (default, Oct 11 2018, 12:09:51)  [GCC 8.2.0 64 bit (AMD64)]'
09-06 11:02:30 replicate_layout.action_replicate_layout 315:KiCad build version: Unknown
09-06 11:02:30 replicate_layout.action_replicate_layout 316:Replicate layout plugin version: 74 started
09-06 11:02:30 replicate_layout.action_replicate_layout 329:All top level windows titles are:
kicad (5.1.4)-1 d:\engsci\ultracold\kicad\shunt_current_control_v2\relay_array\relay_array.pro

eeschema — relay_channel.sch [/relay1/] — d:\engsci\ultracold\kicad\shunt_current_control_v2\relay_array

pcbnew — d:\engsci\ultracold\kicad\shunt_current_control_v2\relay_array\relay_array.kicad_pcb


3d viewer

09-06 11:02:30 replicate_layout.action_replicate_layout 330:All top level windows objects are:
 <wx._windows.Frame; proxy of <Swig Object of type 'wxFrame *' at 0x34019f0> >
<wx._windows.Frame; proxy of <Swig Object of type 'wxFrame *' at 0x2e71d00> >
<wx._windows.Frame; proxy of <Swig Object of type 'wxFrame *' at 0x7b22470> >
<wx._windows.Frame; proxy of <Swig Object of type 'wxFrame *' at 0x91abd70> >
<wx._windows.Frame; proxy of <Swig Object of type 'wxFrame *' at 0x1efb6020> >
<wx._windows.Frame; proxy of <Swig Object of type 'wxFrame *' at 0x1d1e87d0> >
<wx._windows.Frame; proxy of <Swig Object of type 'wxFrame *' at 0x1d1eb7f0> >
<wx._windows.Frame; proxy of <Swig Object of type 'wxFrame *' at 0x2c241030> >
<wx._windows.Frame; proxy of <Swig Object of type 'wxFrame *' at 0x1d1e80f0> >
09-06 11:02:30 replicate_layout.action_replicate_layout 353:Preparing replicator with K1 as a reference
09-06 11:02:30 replicate_layout.replicatelayout 215:getting project hierarchy from schematics
09-06 11:02:30 replicate_layout.replicatelayout 217:Project hierarchy looks like:
{u'6136097D': [u'relay1', u'D:\\EngSci\\UltraCold\\KiCad\\shunt_current_control_v2\\relay_array\\relay_channel.sch'], u'614119F8': [u'sheet614119F6', u'D:\\EngSci\\UltraCold\\KiCad\\shunt_current_control_v2\\relay_array\\relay_channel.sch'], u'61411A34': [u'sheet61411A32', u'D:\\EngSci\\UltraCold\\KiCad\\shunt_current_control_v2\\relay_array\\relay_channel.sch']}
09-06 11:02:30 replicate_layout.replicatelayout 225:getting a list of all footprints on board
09-06 11:02:30 replicate_layout.action_replicate_layout 380:source anchor footprint is u'K1'
Located on:[u'relay1']
With filenames:[u'relay_channel.sch']
With sheet_id:[u'relay1']
09-06 11:02:30 replicate_layout.action_replicate_layout 384:Corresponding footprints are 
[(u'K3', [u'sheet61411A32']), (u'K2', [u'sheet614119F6']), (u'K1', [u'relay1'])]
09-06 11:02:30 replicate_layout.action_replicate_layout 397:Showing dialog
09-06 11:02:30 replicate_layout.replicatelayout 249:construcing a list of sheets suitable for replication on level:u'relay1', file:u'relay_channel.sch'
09-06 11:02:30 replicate_layout.replicatelayout 256:Source sheet path up to the level:[u'relay1']
09-06 11:02:30 replicate_layout.replicatelayout 260:Footprints on the sheets:
[u'K3', u'K2', u'K1']
09-06 11:02:30 replicate_layout.replicatelayout 263:Footprints raw sheet ids:
[u'/61411A34/613655D3', u'/614119F8/613655D3', u'/6136097D/613655D3']
09-06 11:02:30 replicate_layout.replicatelayout 279:All sheets to replicate:
[[u'sheet61411A32'], [u'sheet614119F6'], [u'relay1']]
09-06 11:02:30 replicate_layout.replicatelayout 284:All sheets to replicate sorted:
[[u'relay1'], [u'sheet614119F6'], [u'sheet61411A32']]
09-06 11:02:30 replicate_layout.replicatelayout 290:All sheets to replicate sorted and without source sheet:
[[u'sheet614119F6'], [u'sheet61411A32']]
09-06 11:02:31 replicate_layout.action_replicate_layout 401:Pcbnew position: wx.Point(-9, -9)
09-06 11:02:31 replicate_layout.action_replicate_layout 407:Display 0: wx.Rect(0, 0, 1920, 1080)
09-06 11:02:31 replicate_layout.action_replicate_layout 411:Toolbar position: wx.Point(1669, 126)
09-06 11:02:31 replicate_layout.action_replicate_layout 418:Dialog position: wx.Point(1356, 126)
09-06 11:02:40 replicate_layout.replicatelayout 249:construcing a list of sheets suitable for replication on level:u'relay1', file:u'relay_channel.sch'
09-06 11:02:40 replicate_layout.replicatelayout 256:Source sheet path up to the level:[u'relay1']
09-06 11:02:40 replicate_layout.replicatelayout 260:Footprints on the sheets:
[u'K3', u'K2', u'K1']
09-06 11:02:40 replicate_layout.replicatelayout 263:Footprints raw sheet ids:
[u'/61411A34/613655D3', u'/614119F8/613655D3', u'/6136097D/613655D3']
09-06 11:02:40 replicate_layout.replicatelayout 279:All sheets to replicate:
[[u'sheet61411A32'], [u'sheet614119F6'], [u'relay1']]
09-06 11:02:40 replicate_layout.replicatelayout 284:All sheets to replicate sorted:
[[u'relay1'], [u'sheet614119F6'], [u'sheet61411A32']]
09-06 11:02:40 replicate_layout.replicatelayout 290:All sheets to replicate sorted and without source sheet:
[[u'sheet614119F6'], [u'sheet61411A32']]
09-06 11:02:40 replicate_layout.action_replicate_layout 186:Replicating layout
09-06 11:02:40 replicate_layout.replicatelayout 1002:Starting replication of sheets: [[u'sheet614119F6'], [u'sheet61411A32']]
on level: [u'relay1']
with tracks=True, zone=True, text=True, containing=False, remove=True, locked=False
09-06 11:02:40 root 269:updating GUI message: 'Preparing for replication'
09-06 11:02:40 root 274:updating GUI with: 0
09-06 11:02:40 replicate_layout.replicatelayout 556:Getting the list of source footprints
09-06 11:02:40 replicate_layout.replicatelayout 560:Getting the list of all the remaining footprints
09-06 11:02:40 replicate_layout.replicatelayout 564:Getting nets local to source footprints
09-06 11:02:40 replicate_layout.replicatelayout 568:Getting source bounding box
09-06 11:02:40 root 274:updating GUI with: 37
09-06 11:02:40 replicate_layout.replicatelayout 572:Getting source tracks
09-06 11:02:40 replicate_layout.replicatelayout 576:Getting source zones
09-06 11:02:40 root 274:updating GUI with: 62
09-06 11:02:40 replicate_layout.replicatelayout 580:Getting source text items
09-06 11:02:40 replicate_layout.replicatelayout 584:Getting source text items
09-06 11:02:40 replicate_layout.replicatelayout 1030:Removing tracks and zones, before module placement
09-06 11:02:40 root 269:updating GUI message: 'Removing zones and tracks'
09-06 11:02:40 root 274:updating GUI with: 50
09-06 11:02:40 root 269:updating GUI message: 'Replicating footprints'
09-06 11:02:40 root 274:updating GUI with: 0
09-06 11:02:40 replicate_layout.replicatelayout 590:Replicating footprints
09-06 11:02:40 replicate_layout.replicatelayout 596:Replicating footprints on sheet [u'sheet614119F6']
09-06 11:02:40 root 274:updating GUI with: 9
09-06 11:02:40 root 274:updating GUI with: 21
09-06 11:02:40 root 274:updating GUI with: 45
09-06 11:02:40 replicate_layout.replicatelayout 596:Replicating footprints on sheet [u'sheet61411A32']
09-06 11:02:40 root 274:updating GUI with: 61
09-06 11:02:40 root 274:updating GUI with: 73
09-06 11:02:40 root 274:updating GUI with: 100
09-06 11:02:40 replicate_layout.replicatelayout 1038:Removing tracks and zones, after module placement
09-06 11:02:40 root 269:updating GUI message: 'Removing zones and tracks'
09-06 11:02:40 root 274:updating GUI with: 0
09-06 11:02:40 root 274:updating GUI with: 50
09-06 11:02:40 root 269:updating GUI message: 'Replicating tracks'
09-06 11:02:40 root 274:updating GUI with: 0
09-06 11:02:40 replicate_layout.replicatelayout 720:Replicating tracks
09-06 11:02:40 replicate_layout.replicatelayout 726:Replicating tracks on sheet [u'sheet614119F6']
09-06 11:02:40 root 274:updating GUI with: 0
09-06 11:02:40 replicate_layout.replicatelayout 726:Replicating tracks on sheet [u'sheet61411A32']
09-06 11:02:40 root 274:updating GUI with: 50
09-06 11:02:40 root 269:updating GUI message: 'Replicating zones'
09-06 11:02:40 replicate_layout.replicatelayout 771:Replicating zones
09-06 11:02:40 replicate_layout.replicatelayout 778:Replicating zones on sheet [u'sheet614119F6']
09-06 11:02:40 root 274:updating GUI with: 12
09-06 11:02:40 replicate_layout.replicatelayout 778:Replicating zones on sheet [u'sheet61411A32']
09-06 11:02:40 root 274:updating GUI with: 62
09-06 11:02:40 root 269:updating GUI message: 'Replicating text'
09-06 11:02:40 replicate_layout.replicatelayout 837:Replicating text
09-06 11:02:40 replicate_layout.replicatelayout 844:Replicating text on sheet [u'sheet614119F6']
09-06 11:02:40 replicate_layout.replicatelayout 844:Replicating text on sheet [u'sheet61411A32']
09-06 11:02:40 root 269:updating GUI message: 'Replicating drawings'
09-06 11:02:40 replicate_layout.replicatelayout 868:Replicating drawings
09-06 11:02:40 replicate_layout.replicatelayout 874:Replicating drawings on sheet [u'sheet614119F6']
09-06 11:02:40 replicate_layout.replicatelayout 874:Replicating drawings on sheet [u'sheet61411A32']
09-06 11:02:40 root 269:updating GUI message: 'Removing duplicates'
09-06 11:02:42 replicate_layout.action_replicate_layout 209:Replication complete
