09-05 09:36:43 replicate_layout.action_replicate_layout 313:Plugin executed on: 'win32'
09-05 09:36:43 replicate_layout.action_replicate_layout 314:Plugin executed with python version: '2.7.15 (default, Oct 11 2018, 12:09:51)  [GCC 8.2.0 64 bit (AMD64)]'
09-05 09:36:43 replicate_layout.action_replicate_layout 315:KiCad build version: Unknown
09-05 09:36:43 replicate_layout.action_replicate_layout 316:Replicate layout plugin version: 74 started
09-05 09:36:43 replicate_layout.action_replicate_layout 329:All top level windows titles are:
kicad (5.1.4)-1 d:\engsci\ultracold\kicad\shunt_current_control_v2\dual_lm317\dual_lm317.pro

eeschema — pos_reg_section.sch [/pos_reg_section/] — d:\engsci\ultracold\kicad\shunt_current_control_v2\dual_lm317

pcbnew — d:\engsci\ultracold\kicad\shunt_current_control_v2\dual_lm317\dual_lm317.kicad_pcb


3d viewer

replicate layout
replicate layout
place footprints
place footprints
09-05 09:36:43 replicate_layout.action_replicate_layout 330:All top level windows objects are:
 <wx._windows.Frame; proxy of <Swig Object of type 'wxFrame *' at 0x33110c0> >
<wx._windows.Frame; proxy of <Swig Object of type 'wxFrame *' at 0x1601a40> >
<wx._windows.Frame; proxy of <Swig Object of type 'wxFrame *' at 0x45adbf0> >
<wx._windows.Frame; proxy of <Swig Object of type 'wxFrame *' at 0x91de8a0> >
<wx._windows.Frame; proxy of <Swig Object of type 'wxFrame *' at 0x1b2f1ab0> >
<wx._windows.Frame; proxy of <Swig Object of type 'wxFrame *' at 0x1b539cd0> >
<wx._windows.Frame; proxy of <Swig Object of type 'wxFrame *' at 0x1b53a040> >
<wx._windows.Frame; proxy of <Swig Object of type 'wxFrame *' at 0x1d379080> >
<wx._windows.Frame; proxy of <Swig Object of type 'wxFrame *' at 0x1d67c5b0> >
<replicate_layout.action_replicate_layout.ReplicateLayoutDialog; proxy of <Swig Object of type 'wxDialog *' at 0x370e1860> >
<replicate_layout.action_replicate_layout.ReplicateLayoutDialog; proxy of <Swig Object of type 'wxDialog *' at 0x370de560> >
<place_footprints.action_place_footprints.InitialDialog; proxy of <Swig Object of type 'wxDialog *' at 0x370e0540> >
<place_footprints.action_place_footprints.PlaceBySheet; proxy of <Swig Object of type 'wxDialog *' at 0x370e0210> >
09-05 09:36:43 replicate_layout.action_replicate_layout 353:Preparing replicator with U3 as a reference
09-05 09:36:43 replicate_layout.replicatelayout 215:getting project hierarchy from schematics
09-05 09:36:43 replicate_layout.replicatelayout 217:Project hierarchy looks like:
{u'61356623': [u'pos_reg_section', u'D:\\EngSci\\UltraCold\\KiCad\\shunt_current_control_v2\\dual_lm317\\pos_reg_section.sch'], u'613B0780': [u'pos_reg_B', u'D:\\EngSci\\UltraCold\\KiCad\\shunt_current_control_v2\\dual_lm317\\pos_reg_section.sch']}
09-05 09:36:43 replicate_layout.replicatelayout 225:getting a list of all footprints on board
09-05 09:36:43 replicate_layout.action_replicate_layout 380:source anchor footprint is u'U3'
Located on:[u'pos_reg_section']
With filenames:[u'pos_reg_section.sch']
With sheet_id:[u'pos_reg_section']
09-05 09:36:43 replicate_layout.action_replicate_layout 384:Corresponding footprints are 
[(u'U9', [u'pos_reg_B']), (u'U3', [u'pos_reg_section'])]
09-05 09:36:43 replicate_layout.action_replicate_layout 397:Showing dialog
09-05 09:36:43 replicate_layout.replicatelayout 249:construcing a list of sheets suitable for replication on level:u'pos_reg_section', file:u'pos_reg_section.sch'
09-05 09:36:43 replicate_layout.replicatelayout 256:Source sheet path up to the level:[u'pos_reg_section']
09-05 09:36:43 replicate_layout.replicatelayout 260:Footprints on the sheets:
[u'U9', u'U3']
09-05 09:36:43 replicate_layout.replicatelayout 263:Footprints raw sheet ids:
[u'/613B0780/61378DDA', u'/61356623/61378DDA']
09-05 09:36:43 replicate_layout.replicatelayout 279:All sheets to replicate:
[[u'pos_reg_B'], [u'pos_reg_section']]
09-05 09:36:43 replicate_layout.replicatelayout 284:All sheets to replicate sorted:
[[u'pos_reg_B'], [u'pos_reg_section']]
09-05 09:36:43 replicate_layout.replicatelayout 290:All sheets to replicate sorted and without source sheet:
[[u'pos_reg_B']]
09-05 09:36:44 replicate_layout.action_replicate_layout 401:Pcbnew position: wx.Point(-9, -9)
09-05 09:36:44 replicate_layout.action_replicate_layout 407:Display 0: wx.Rect(0, 0, 1920, 1080)
09-05 09:36:44 replicate_layout.action_replicate_layout 411:Toolbar position: wx.Point(1669, 126)
09-05 09:36:44 replicate_layout.action_replicate_layout 418:Dialog position: wx.Point(1356, 126)
09-05 09:36:58 replicate_layout.replicatelayout 249:construcing a list of sheets suitable for replication on level:u'pos_reg_section', file:u'pos_reg_section.sch'
09-05 09:36:58 replicate_layout.replicatelayout 256:Source sheet path up to the level:[u'pos_reg_section']
09-05 09:36:58 replicate_layout.replicatelayout 260:Footprints on the sheets:
[u'U9', u'U3']
09-05 09:36:58 replicate_layout.replicatelayout 263:Footprints raw sheet ids:
[u'/613B0780/61378DDA', u'/61356623/61378DDA']
09-05 09:36:58 replicate_layout.replicatelayout 279:All sheets to replicate:
[[u'pos_reg_B'], [u'pos_reg_section']]
09-05 09:36:58 replicate_layout.replicatelayout 284:All sheets to replicate sorted:
[[u'pos_reg_B'], [u'pos_reg_section']]
09-05 09:36:58 replicate_layout.replicatelayout 290:All sheets to replicate sorted and without source sheet:
[[u'pos_reg_B']]
09-05 09:36:58 replicate_layout.action_replicate_layout 186:Replicating layout
09-05 09:36:58 replicate_layout.replicatelayout 1002:Starting replication of sheets: [[u'pos_reg_B']]
on level: [u'pos_reg_section']
with tracks=True, zone=True, text=True, containing=False, remove=False, locked=False
09-05 09:36:58 root 269:updating GUI message: 'Preparing for replication'
09-05 09:36:58 root 274:updating GUI with: 0
09-05 09:36:58 replicate_layout.replicatelayout 556:Getting the list of source footprints
09-05 09:36:58 replicate_layout.replicatelayout 560:Getting the list of all the remaining footprints
09-05 09:36:58 replicate_layout.replicatelayout 564:Getting nets local to source footprints
09-05 09:36:58 replicate_layout.replicatelayout 568:Getting source bounding box
09-05 09:36:58 root 274:updating GUI with: 37
09-05 09:36:58 replicate_layout.replicatelayout 572:Getting source tracks
09-05 09:36:58 replicate_layout.replicatelayout 576:Getting source zones
09-05 09:36:58 root 274:updating GUI with: 62
09-05 09:36:58 replicate_layout.replicatelayout 580:Getting source text items
09-05 09:36:58 replicate_layout.replicatelayout 584:Getting source text items
09-05 09:36:58 root 269:updating GUI message: 'Replicating footprints'
09-05 09:36:58 replicate_layout.replicatelayout 590:Replicating footprints
09-05 09:36:58 replicate_layout.replicatelayout 596:Replicating footprints on sheet [u'pos_reg_B']
09-05 09:36:58 root 274:updating GUI with: 21
09-05 09:36:58 root 274:updating GUI with: 57
09-05 09:36:58 root 274:updating GUI with: 94
09-05 09:36:58 root 269:updating GUI message: 'Replicating tracks'
09-05 09:36:58 replicate_layout.replicatelayout 720:Replicating tracks
09-05 09:36:58 replicate_layout.replicatelayout 726:Replicating tracks on sheet [u'pos_reg_B']
09-05 09:36:58 root 274:updating GUI with: 0
09-05 09:36:58 root 269:updating GUI message: 'Replicating zones'
09-05 09:36:58 replicate_layout.replicatelayout 771:Replicating zones
09-05 09:36:58 replicate_layout.replicatelayout 778:Replicating zones on sheet [u'pos_reg_B']
09-05 09:36:58 root 274:updating GUI with: 25
09-05 09:36:58 root 269:updating GUI message: 'Replicating text'
09-05 09:36:58 replicate_layout.replicatelayout 837:Replicating text
09-05 09:36:58 replicate_layout.replicatelayout 844:Replicating text on sheet [u'pos_reg_B']
09-05 09:36:58 root 269:updating GUI message: 'Replicating drawings'
09-05 09:36:58 replicate_layout.replicatelayout 868:Replicating drawings
09-05 09:36:58 replicate_layout.replicatelayout 874:Replicating drawings on sheet [u'pos_reg_B']
09-05 09:36:58 replicate_layout.action_replicate_layout 209:Replication complete
